<?xml version="1.0" encoding="UTF-8"?>
<testng-results skipped="0" failed="1" total="2" passed="1">
  <reporter-output>
  </reporter-output>
  <suite name="TestSuite" duration-ms="72089" started-at="2016-08-21T17:22:18Z" finished-at="2016-08-21T17:23:30Z">
    <groups>
    </groups>
    <test name="Test1" duration-ms="72089" started-at="2016-08-21T17:22:18Z" finished-at="2016-08-21T17:23:30Z">
      <class name="testcases.TC004">
        <test-method status="PASS" signature="beforeSuite()[pri:0, instance:testcases.TC004@17e2f02]" name="beforeSuite" is-config="true" duration-ms="602" started-at="2016-08-21T22:52:17Z" finished-at="2016-08-21T22:52:18Z">
          <reporter-output>
          </reporter-output>
        </test-method> <!-- beforeSuite -->
        <test-method status="PASS" signature="beforeTest()[pri:0, instance:testcases.TC004@17e2f02]" name="beforeTest" is-config="true" duration-ms="0" started-at="2016-08-21T22:52:18Z" finished-at="2016-08-21T22:52:18Z">
          <reporter-output>
          </reporter-output>
        </test-method> <!-- beforeTest -->
        <test-method status="PASS" signature="startTestCase(java.lang.String, java.lang.String, java.lang.String, java.lang.String)[pri:0, instance:testcases.TC004@17e2f02]" name="startTestCase" is-config="true" duration-ms="2" started-at="2016-08-21T22:52:18Z" finished-at="2016-08-21T22:52:18Z">
          <params>
            <param index="0">
              <value>
                <![CDATA[firefox]]>
              </value>
            </param>
            <param index="1">
              <value>
                <![CDATA[VISTA]]>
              </value>
            </param>
            <param index="2">
              <value>
                <![CDATA[192.168.0.105]]>
              </value>
            </param>
            <param index="3">
              <value>
                <![CDATA[5557]]>
              </value>
            </param>
          </params>
          <reporter-output>
          </reporter-output>
        </test-method> <!-- startTestCase -->
        <test-method status="PASS" signature="beforeMethod()[pri:0, instance:testcases.TC004@17e2f02]" name="beforeMethod" is-config="true" duration-ms="21462" started-at="2016-08-21T22:52:18Z" finished-at="2016-08-21T22:52:39Z">
          <reporter-output>
          </reporter-output>
        </test-method> <!-- beforeMethod -->
        <test-method status="PASS" signature="validateSubpagesNavigation()[pri:0, instance:testcases.TC004@17e2f02]" name="validateSubpagesNavigation" duration-ms="21839" started-at="2016-08-21T22:52:39Z" finished-at="2016-08-21T22:53:01Z">
          <reporter-output>
          </reporter-output>
        </test-method> <!-- validateSubpagesNavigation -->
        <test-method status="PASS" signature="afterMethod()[pri:0, instance:testcases.TC004@17e2f02]" name="afterMethod" is-config="true" duration-ms="2352" started-at="2016-08-21T22:53:01Z" finished-at="2016-08-21T22:53:04Z">
          <reporter-output>
          </reporter-output>
        </test-method> <!-- afterMethod -->
        <test-method status="PASS" signature="beforeMethod()[pri:0, instance:testcases.TC004@17e2f02]" name="beforeMethod" is-config="true" duration-ms="21975" started-at="2016-08-21T22:53:04Z" finished-at="2016-08-21T22:53:25Z">
          <reporter-output>
          </reporter-output>
        </test-method> <!-- beforeMethod -->
        <test-method status="FAIL" signature="fetchCEOLinkCount()[pri:1, instance:testcases.TC004@17e2f02]" name="fetchCEOLinkCount" duration-ms="3966" started-at="2016-08-21T22:53:25Z" finished-at="2016-08-21T22:53:29Z">
          <exception class="java.lang.RuntimeException">
            <message>
              <![CDATA[FAILED]]>
            </message>
            <full-stacktrace>
              <![CDATA[java.lang.RuntimeException: FAILED
	at utils.Reporter.reportStep(Reporter.java:35)
	at wrapper.GenericWrappers.verifyTextByCssSelector(GenericWrappers.java:190)
	at pages.BusinessceosPage.<init>(BusinessceosPage.java:10)
	at testcases.TC004.fetchCEOLinkCount(TC004.java:34)
	at sun.reflect.NativeMethodAccessorImpl.invoke0(Native Method)
	at sun.reflect.NativeMethodAccessorImpl.invoke(Unknown Source)
	at sun.reflect.DelegatingMethodAccessorImpl.invoke(Unknown Source)
	at java.lang.reflect.Method.invoke(Unknown Source)
	at org.testng.internal.MethodInvocationHelper.invokeMethod(MethodInvocationHelper.java:100)
	at org.testng.internal.Invoker.invokeMethod(Invoker.java:646)
	at org.testng.internal.Invoker.invokeTestMethod(Invoker.java:811)
	at org.testng.internal.Invoker.invokeTestMethods(Invoker.java:1129)
	at org.testng.internal.TestMethodWorker.invokeTestMethods(TestMethodWorker.java:129)
	at org.testng.internal.TestMethodWorker.run(TestMethodWorker.java:112)
	at org.testng.TestRunner.privateRun(TestRunner.java:746)
	at org.testng.TestRunner.run(TestRunner.java:600)
	at org.testng.SuiteRunner.runTest(SuiteRunner.java:366)
	at org.testng.SuiteRunner.access$000(SuiteRunner.java:39)
	at org.testng.SuiteRunner$SuiteWorker.run(SuiteRunner.java:400)
	at org.testng.internal.thread.ThreadUtil$2.call(ThreadUtil.java:64)
	at java.util.concurrent.FutureTask.run(Unknown Source)
	at java.util.concurrent.ThreadPoolExecutor.runWorker(Unknown Source)
	at java.util.concurrent.ThreadPoolExecutor$Worker.run(Unknown Source)
	at java.lang.Thread.run(Unknown Source)
]]>
            </full-stacktrace>
          </exception> <!-- java.lang.RuntimeException -->
          <reporter-output>
          </reporter-output>
        </test-method> <!-- fetchCEOLinkCount -->
        <test-method status="PASS" signature="afterMethod()[pri:0, instance:testcases.TC004@17e2f02]" name="afterMethod" is-config="true" duration-ms="389" started-at="2016-08-21T22:53:30Z" finished-at="2016-08-21T22:53:30Z">
          <reporter-output>
          </reporter-output>
        </test-method> <!-- afterMethod -->
        <test-method status="PASS" signature="afterTest()[pri:0, instance:testcases.TC004@17e2f02]" name="afterTest" is-config="true" duration-ms="1" started-at="2016-08-21T22:53:30Z" finished-at="2016-08-21T22:53:30Z">
          <reporter-output>
          </reporter-output>
        </test-method> <!-- afterTest -->
        <test-method status="PASS" signature="afterSuite()[pri:0, instance:testcases.TC004@17e2f02]" name="afterSuite" is-config="true" duration-ms="1773" started-at="2016-08-21T22:53:30Z" finished-at="2016-08-21T22:53:32Z">
          <reporter-output>
          </reporter-output>
        </test-method> <!-- afterSuite -->
      </class> <!-- testcases.TC004 -->
    </test> <!-- Test1 -->
  </suite> <!-- TestSuite -->
</testng-results>
